Exemplu 2:

DFA:
q0+2+3+4+5+6 a q0+1+2+3+4+5+6
q0+2+3+4+5+6 b q2+3+4+5+6
q0+1+2+3+4+5+6 a q0+1+2+3+4+5+6
q0+1+2+3+4+5+6 b q2+3+4+5+6
q2+3+4+5+6 a q2+3+4+5+6
q2+3+4+5+6 b q2+3+4+5+6
Initial state:  q0+2+3+4+5+6
Final states:  q0+2+3+4+5+6 q0+1+2+3+4+5+6 q2+3+4+5+6

NFA:
q0: {'a': ['q0', 'q1', 'q2', 'q3', 'q4', 'q5', 'q6'], 'b': ['q2', 'q3', 'q4', 'q5', 'q6']}
q1: {'a': ['q2', 'q3', 'q4', 'q5', 'q6'], 'b': ['q2', 'q4', 'q5', 'q6']}
q2: {'a': ['q2', 'q3', 'q4', 'q5', 'q6'], 'b': ['q2', 'q4', 'q5', 'q6']}
q3: {'a': ['q2', 'q3', 'q4', 'q5', 'q6'], 'b': ['q2', 'q3', 'q4', 'q5', 'q6']}
q4: {'a': ['q6'], 'b': ['q2', 'q4', 'q5', 'q6']}
q5: {'a': ['q2', 'q3', 'q4', 'q5', 'q6'], 'b': ['q2', 'q4', 'q5', 'q6']}
q6: {'a': [], 'b': ['q6']}
Final states:  q0 q1 q2 q3 q4 q5 q6
Exemplu 3:
DFA:
q0+1+2+3 a q1+2+3+4
q0+1+2+3 b q0+1+2+3
q1+2+3+4 a q1+2+3+4
q1+2+3+4 b q0+1+2+3+4
q0+1+2+3+4 a q1+2+3+4
q0+1+2+3+4 b q0+1+2+3+4
Initial state:  q0+1+2+3
Final states:  q0+1+2+3 q0+1+2+3+4

NFA:
q0: {'a': ['q1', 'q2', 'q3', 'q4'], 'b': ['q0', 'q1', 'q2', 'q3']}
q1: {'a': [], 'b': ['q2']}
q2: {'a': ['q1'], 'b': []}
q3: {'a': ['q1', 'q2', 'q3', 'q4'], 'b': ['q0', 'q1', 'q2', 'q3']}
q4: {'a': ['q1'], 'b': ['q1', 'q2', 'q3', 'q4']}
Final states:  q0
